  Timer.cpp
c:\users\yorkhawke\source\repos\game-engine-architecture\project1\assignment 2\timer.cpp(51): warning C4244: '=': conversion from 'float' to '__int64', possible loss of data
  ShaderHandler.cpp
  Renderer.cpp
  OBJloader.cpp
  ModelHandler.cpp
c:\users\yorkhawke\source\repos\game-engine-architecture\project1\assignment 2\modelhandler.cpp(37): error C2664: 'VertexInputType *OBJLoader::LoadObj(int &,int &,int &,int &,void *)': cannot convert argument 5 from 'std::string' to 'void *'
  c:\users\yorkhawke\source\repos\game-engine-architecture\project1\assignment 2\modelhandler.cpp(37): note: No user-defined-conversion operator available that can perform this conversion, or the operator cannot be called
  Main.cpp
  LOSReader.cpp
  Loader.cpp
  Game.cpp
c:\users\yorkhawke\source\repos\game-engine-architecture\project1\assignment 2\game.cpp(86): warning C4244: 'initializing': conversion from 'double' to 'float', possible loss of data
  EntityManager.cpp
  Entity.cpp
c:\users\yorkhawke\source\repos\game-engine-architecture\project1\assignment 2\entity.cpp(23): warning C4244: '=': conversion from 'double' to 'float', possible loss of data
  Display.cpp
  Decompressor.cpp
  Camera.cpp
  Generating Code...
