c:\users\lord downsight\source\repos\game-engine-architecture\project1\assignment 2\x64\debug\vc140.pdb
c:\users\lord downsight\source\repos\game-engine-architecture\project1\assignment 2\x64\debug\vc140.idb
c:\users\lord downsight\source\repos\game-engine-architecture\project1\assignment 2\x64\debug\camera.obj
c:\users\lord downsight\source\repos\game-engine-architecture\project1\assignment 2\x64\debug\decompressor.obj
c:\users\lord downsight\source\repos\game-engine-architecture\project1\assignment 2\x64\debug\display.obj
c:\users\lord downsight\source\repos\game-engine-architecture\project1\assignment 2\x64\debug\entity.obj
c:\users\lord downsight\source\repos\game-engine-architecture\project1\assignment 2\x64\debug\entitymanager.obj
c:\users\lord downsight\source\repos\game-engine-architecture\project1\assignment 2\x64\debug\game.obj
c:\users\lord downsight\source\repos\game-engine-architecture\project1\assignment 2\x64\debug\loader.obj
c:\users\lord downsight\source\repos\game-engine-architecture\project1\assignment 2\x64\debug\losreader.obj
c:\users\lord downsight\source\repos\game-engine-architecture\project1\assignment 2\x64\debug\main.obj
c:\users\lord downsight\source\repos\game-engine-architecture\project1\assignment 2\x64\debug\modelhandler.obj
c:\users\lord downsight\source\repos\game-engine-architecture\project1\assignment 2\x64\debug\objloader.obj
c:\users\lord downsight\source\repos\game-engine-architecture\project1\assignment 2\x64\debug\renderer.obj
c:\users\lord downsight\source\repos\game-engine-architecture\project1\assignment 2\x64\debug\shaderhandler.obj
c:\users\lord downsight\source\repos\game-engine-architecture\project1\assignment 2\x64\debug\timer.obj
c:\users\lord downsight\source\repos\game-engine-architecture\project1\assignment 2\x64\debug\assignment 2.ilk
c:\users\lord downsight\source\repos\game-engine-architecture\project1\assignment 2\x64\debug\assignment 2.exe
c:\users\lord downsight\source\repos\game-engine-architecture\project1\assignment 2\x64\debug\assignment 2.pdb
c:\users\lord downsight\source\repos\game-engine-architecture\project1\assignment 2\x64\debug\game.obj.enc
c:\users\lord downsight\source\repos\game-engine-architecture\project1\assignment 2\x64\debug\zlibd.pdb
c:\users\lord downsight\source\repos\game-engine-architecture\project1\assignment 2\x64\debug\assignment 2.tlog\cl.command.1.tlog
c:\users\lord downsight\source\repos\game-engine-architecture\project1\assignment 2\x64\debug\assignment 2.tlog\cl.read.1.tlog
c:\users\lord downsight\source\repos\game-engine-architecture\project1\assignment 2\x64\debug\assignment 2.tlog\cl.write.1.tlog
c:\users\lord downsight\source\repos\game-engine-architecture\project1\assignment 2\x64\debug\assignment 2.tlog\link.command.1.tlog
c:\users\lord downsight\source\repos\game-engine-architecture\project1\assignment 2\x64\debug\assignment 2.tlog\link.read.1.tlog
c:\users\lord downsight\source\repos\game-engine-architecture\project1\assignment 2\x64\debug\assignment 2.tlog\link.write.1.tlog
