c:\users\gis-2\source\repos\game-engine-architecture\project1\assignment 2\debug\vc140.pdb
c:\users\gis-2\source\repos\game-engine-architecture\project1\assignment 2\debug\vc140.idb
c:\users\gis-2\source\repos\game-engine-architecture\project1\assignment 2\debug\loader.obj
c:\users\gis-2\source\repos\game-engine-architecture\project1\assignment 2\debug\camera.obj
c:\users\gis-2\source\repos\game-engine-architecture\project1\assignment 2\debug\display.obj
c:\users\gis-2\source\repos\game-engine-architecture\project1\assignment 2\debug\game.obj
c:\users\gis-2\source\repos\game-engine-architecture\project1\assignment 2\debug\main.obj
c:\users\gis-2\source\repos\game-engine-architecture\project1\assignment 2\debug\modelhandler.obj
c:\users\gis-2\source\repos\game-engine-architecture\project1\assignment 2\debug\objloader.obj
c:\users\gis-2\source\repos\game-engine-architecture\project1\assignment 2\debug\renderer.obj
c:\users\gis-2\source\repos\game-engine-architecture\project1\assignment 2\debug\entity.obj
c:\users\gis-2\source\repos\game-engine-architecture\project1\assignment 2\debug\shaderhandler.obj
c:\users\gis-2\source\repos\game-engine-architecture\project1\assignment 2\debug\timer.obj
c:\users\gis-2\source\repos\game-engine-architecture\project1\assignment 2\debug\entitymanager.obj
c:\users\gis-2\source\repos\game-engine-architecture\project1\assignment 2\debug\assignment 2.pdb
c:\users\gis-2\source\repos\game-engine-architecture\project1\assignment 2\debug\assignment 2.tlog\cl.command.1.tlog
c:\users\gis-2\source\repos\game-engine-architecture\project1\assignment 2\debug\assignment 2.tlog\cl.read.1.tlog
c:\users\gis-2\source\repos\game-engine-architecture\project1\assignment 2\debug\assignment 2.tlog\cl.write.1.tlog
c:\users\gis-2\source\repos\game-engine-architecture\project1\assignment 2\debug\assignment 2.tlog\link-cvtres.read.1.tlog
c:\users\gis-2\source\repos\game-engine-architecture\project1\assignment 2\debug\assignment 2.tlog\link-cvtres.write.1.tlog
c:\users\gis-2\source\repos\game-engine-architecture\project1\assignment 2\debug\assignment 2.tlog\link-rc.read.1.tlog
c:\users\gis-2\source\repos\game-engine-architecture\project1\assignment 2\debug\assignment 2.tlog\link-rc.write.1.tlog
c:\users\gis-2\source\repos\game-engine-architecture\project1\assignment 2\debug\assignment 2.tlog\link.command.1.tlog
c:\users\gis-2\source\repos\game-engine-architecture\project1\assignment 2\debug\assignment 2.tlog\link.read.1.tlog
c:\users\gis-2\source\repos\game-engine-architecture\project1\assignment 2\debug\assignment 2.tlog\link.write.1.tlog
